chr1	248956422	1450486	0
chr2	242193529	1052663	0
chr3	198295559	898602	0
chr4	190214555	631112	0
chr5	181538259	770985	0
chr6	170805979	785068	0
chr7	159345973	756392	0
chr8	145138636	611662	0
chr9	138394717	623726	0
chr10	133797422	674765	0
chr11	135086622	755867	0
chr12	133275309	674747	0
chr13	114364328	364490	0
chr14	107043718	469109	0
chr15	101991189	446264	0
chr16	90338345	540945	0
chr17	83257441	728842	0
chr18	80373285	280229	0
chr19	58617616	537702	0
chr20	64444167	426114	0
chr21	46709983	169506	0
chr22	50818468	341944	0
chrX	156040895	290368	0
chrY	57227415	28000	0
chrM	16569	81782	0
chr1_KI270706v1_random	175055	204	0
chr1_KI270707v1_random	32032	34	0
chr1_KI270708v1_random	127682	86	0
chr1_KI270709v1_random	66860	621	0
chr1_KI270710v1_random	40176	35	0
chr1_KI270711v1_random	42210	152	0
chr1_KI270712v1_random	176043	166	0
chr1_KI270713v1_random	40745	1180	0
chr1_KI270714v1_random	41717	163	0
chr2_KI270715v1_random	161471	63	0
chr2_KI270716v1_random	153799	45	0
chr3_GL000221v1_random	155397	204	0
chr4_GL000008v2_random	209709	264	0
chr5_GL000208v1_random	92689	52	0
chr9_KI270717v1_random	40062	44	0
chr9_KI270718v1_random	38054	96	0
chr9_KI270719v1_random	176845	310	0
chr9_KI270720v1_random	39050	47	0
chr11_KI270721v1_random	100316	322	0
chr14_GL000009v2_random	201709	247	0
chr14_GL000225v1_random	211173	2424	0
chr14_KI270722v1_random	194050	164	0
chr14_GL000194v1_random	191469	308	0
chr14_KI270723v1_random	38115	78	0
chr14_KI270724v1_random	39555	71	0
chr14_KI270725v1_random	172810	126	0
chr14_KI270726v1_random	43739	11	0
chr15_KI270727v1_random	448248	310	0
chr16_KI270728v1_random	1872759	836	0
chr17_GL000205v2_random	185591	2253	0
chr17_KI270729v1_random	280839	992	0
chr17_KI270730v1_random	112551	169	0
chr22_KI270731v1_random	150754	335	0
chr22_KI270732v1_random	41543	49	0
chr22_KI270733v1_random	179772	1906	0
chr22_KI270734v1_random	165050	573	0
chr22_KI270735v1_random	42811	67	0
chr22_KI270736v1_random	181920	461	0
chr22_KI270737v1_random	103838	193	0
chr22_KI270738v1_random	99375	92	0
chr22_KI270739v1_random	73985	30	0
chrY_KI270740v1_random	37240	10	0
chrUn_KI270302v1	2274	2	0
chrUn_KI270304v1	2165	12	0
chrUn_KI270303v1	1942	7	0
chrUn_KI270305v1	1472	0	0
chrUn_KI270322v1	21476	12	0
chrUn_KI270320v1	4416	6	0
chrUn_KI270310v1	1201	18	0
chrUn_KI270316v1	1444	5	0
chrUn_KI270315v1	2276	7	0
chrUn_KI270312v1	998	0	0
chrUn_KI270311v1	12399	7	0
chrUn_KI270317v1	37690	18	0
chrUn_KI270412v1	1179	3	0
chrUn_KI270411v1	2646	42	0
chrUn_KI270414v1	2489	3	0
chrUn_KI270419v1	1029	0	0
chrUn_KI270418v1	2145	2	0
chrUn_KI270420v1	2321	3	0
chrUn_KI270424v1	2140	1	0
chrUn_KI270417v1	2043	3	0
chrUn_KI270422v1	1445	2	0
chrUn_KI270423v1	981	0	0
chrUn_KI270425v1	1884	0	0
chrUn_KI270429v1	1361	3	0
chrUn_KI270442v1	392061	705	0
chrUn_KI270466v1	1233	143	0
chrUn_KI270465v1	1774	13	0
chrUn_KI270467v1	3920	539	0
chrUn_KI270435v1	92983	92	0
chrUn_KI270438v1	112505	2021	0
chrUn_KI270468v1	4055	3	0
chrUn_KI270510v1	2415	2	0
chrUn_KI270509v1	2318	2	0
chrUn_KI270518v1	2186	3	0
chrUn_KI270508v1	1951	5	0
chrUn_KI270516v1	1300	3	0
chrUn_KI270512v1	22689	22	0
chrUn_KI270519v1	138126	122	0
chrUn_KI270522v1	5674	5	0
chrUn_KI270511v1	8127	9	0
chrUn_KI270515v1	6361	12	0
chrUn_KI270507v1	5353	8	0
chrUn_KI270517v1	3253	4	0
chrUn_KI270529v1	1899	1	0
chrUn_KI270528v1	2983	1	0
chrUn_KI270530v1	2168	4	0
chrUn_KI270539v1	993	2	0
chrUn_KI270538v1	91309	54	0
chrUn_KI270544v1	1202	6	0
chrUn_KI270548v1	1599	1	0
chrUn_KI270583v1	1400	0	0
chrUn_KI270587v1	2969	2	0
chrUn_KI270580v1	1553	1	0
chrUn_KI270581v1	7046	4	0
chrUn_KI270579v1	31033	10	0
chrUn_KI270589v1	44474	44	0
chrUn_KI270590v1	4685	14	0
chrUn_KI270584v1	4513	8	0
chrUn_KI270582v1	6504	5	0
chrUn_KI270588v1	6158	9	0
chrUn_KI270593v1	3041	1	0
chrUn_KI270591v1	5796	9	0
chrUn_KI270330v1	1652	19	0
chrUn_KI270329v1	1040	1	0
chrUn_KI270334v1	1368	3	0
chrUn_KI270333v1	2699	212	0
chrUn_KI270335v1	1048	0	0
chrUn_KI270338v1	1428	0	0
chrUn_KI270340v1	1428	4	0
chrUn_KI270336v1	1026	98	0
chrUn_KI270337v1	1121	161	0
chrUn_KI270363v1	1803	0	0
chrUn_KI270364v1	2855	1	0
chrUn_KI270362v1	3530	0	0
chrUn_KI270366v1	8320	9	0
chrUn_KI270378v1	1048	0	0
chrUn_KI270379v1	1045	0	0
chrUn_KI270389v1	1298	1	0
chrUn_KI270390v1	2387	0	0
chrUn_KI270387v1	1537	0	0
chrUn_KI270395v1	1143	4	0
chrUn_KI270396v1	1880	4	0
chrUn_KI270388v1	1216	0	0
chrUn_KI270394v1	970	1	0
chrUn_KI270386v1	1788	0	0
chrUn_KI270391v1	1484	1	0
chrUn_KI270383v1	1750	2	0
chrUn_KI270393v1	1308	0	0
chrUn_KI270384v1	1658	4	0
chrUn_KI270392v1	971	0	0
chrUn_KI270381v1	1930	1	0
chrUn_KI270385v1	990	0	0
chrUn_KI270382v1	4215	3	0
chrUn_KI270376v1	1136	0	0
chrUn_KI270374v1	2656	1	0
chrUn_KI270372v1	1650	0	0
chrUn_KI270373v1	1451	0	0
chrUn_KI270375v1	2378	1	0
chrUn_KI270371v1	2805	0	0
chrUn_KI270448v1	7992	13	0
chrUn_KI270521v1	7642	9	0
chrUn_GL000195v1	182896	1541	0
chrUn_GL000219v1	179198	906	0
chrUn_GL000220v1	161802	1820	0
chrUn_GL000224v1	179693	386	0
chrUn_KI270741v1	157432	115	0
chrUn_GL000226v1	15008	42	0
chrUn_GL000213v1	164239	58	0
chrUn_KI270743v1	210658	238	0
chrUn_KI270744v1	168472	515	0
chrUn_KI270745v1	41891	112	0
chrUn_KI270746v1	66486	93	0
chrUn_KI270747v1	198735	119	0
chrUn_KI270748v1	93321	90	0
chrUn_KI270749v1	158759	102	0
chrUn_KI270750v1	148850	196	0
chrUn_KI270751v1	150742	219	0
chrUn_KI270752v1	27745	0	0
chrUn_KI270753v1	62944	52	0
chrUn_KI270754v1	40191	65	0
chrUn_KI270755v1	36723	503	0
chrUn_KI270756v1	79590	189	0
chrUn_KI270757v1	71251	78	0
chrUn_GL000214v1	137718	281	0
chrUn_KI270742v1	186739	236	0
chrUn_GL000216v2	176608	1446	0
chrUn_GL000218v1	161147	257	0
chrEBV	171823	0	0
*	0	0	136825
