chr1	248956422	4750569	0
chr2	242193529	3645589	0
chr3	198295559	3018263	0
chr4	190214555	2210307	0
chr5	181538259	2662600	0
chr6	170805979	2685971	0
chr7	159345973	2472065	0
chr8	145138636	2091967	0
chr9	138394717	2121696	0
chr10	133797422	2297722	0
chr11	135086622	2501451	0
chr12	133275309	2254948	0
chr13	114364328	1262486	0
chr14	107043718	1581733	0
chr15	101991189	1490282	0
chr16	90338345	1697186	0
chr17	83257441	2311375	0
chr18	80373285	966639	0
chr19	58617616	1644365	0
chr20	64444167	1364521	0
chr21	46709983	619972	0
chr22	50818468	1055954	0
chrX	156040895	972683	0
chrY	57227415	109919	0
chrM	16569	2859	0
chr1_KI270706v1_random	175055	932	0
chr1_KI270707v1_random	32032	94	0
chr1_KI270708v1_random	127682	406	0
chr1_KI270709v1_random	66860	1856	0
chr1_KI270710v1_random	40176	191	0
chr1_KI270711v1_random	42210	640	0
chr1_KI270712v1_random	176043	594	0
chr1_KI270713v1_random	40745	4950	0
chr1_KI270714v1_random	41717	1124	0
chr2_KI270715v1_random	161471	351	0
chr2_KI270716v1_random	153799	342	0
chr3_GL000221v1_random	155397	917	0
chr4_GL000008v2_random	209709	1140	0
chr5_GL000208v1_random	92689	370	0
chr9_KI270717v1_random	40062	182	0
chr9_KI270718v1_random	38054	288	0
chr9_KI270719v1_random	176845	1055	0
chr9_KI270720v1_random	39050	205	0
chr11_KI270721v1_random	100316	773	0
chr14_GL000009v2_random	201709	1115	0
chr14_GL000225v1_random	211173	8865	0
chr14_KI270722v1_random	194050	717	0
chr14_GL000194v1_random	191469	1632	0
chr14_KI270723v1_random	38115	253	0
chr14_KI270724v1_random	39555	254	0
chr14_KI270725v1_random	172810	516	0
chr14_KI270726v1_random	43739	94	0
chr15_KI270727v1_random	448248	1987	0
chr16_KI270728v1_random	1872759	2974	0
chr17_GL000205v2_random	185591	6385	0
chr17_KI270729v1_random	280839	3828	0
chr17_KI270730v1_random	112551	666	0
chr22_KI270731v1_random	150754	1051	0
chr22_KI270732v1_random	41543	325	0
chr22_KI270733v1_random	179772	5493	0
chr22_KI270734v1_random	165050	1639	0
chr22_KI270735v1_random	42811	294	0
chr22_KI270736v1_random	181920	1538	0
chr22_KI270737v1_random	103838	697	0
chr22_KI270738v1_random	99375	396	0
chr22_KI270739v1_random	73985	150	0
chrY_KI270740v1_random	37240	51	0
chrUn_KI270302v1	2274	7	0
chrUn_KI270304v1	2165	69	0
chrUn_KI270303v1	1942	82	0
chrUn_KI270305v1	1472	8	0
chrUn_KI270322v1	21476	23	0
chrUn_KI270320v1	4416	12	0
chrUn_KI270310v1	1201	89	0
chrUn_KI270316v1	1444	13	0
chrUn_KI270315v1	2276	12	0
chrUn_KI270312v1	998	13	0
chrUn_KI270311v1	12399	42	0
chrUn_KI270317v1	37690	52	0
chrUn_KI270412v1	1179	39	0
chrUn_KI270411v1	2646	210	0
chrUn_KI270414v1	2489	4	0
chrUn_KI270419v1	1029	1	0
chrUn_KI270418v1	2145	16	0
chrUn_KI270420v1	2321	6	0
chrUn_KI270424v1	2140	8	0
chrUn_KI270417v1	2043	8	0
chrUn_KI270422v1	1445	33	0
chrUn_KI270423v1	981	4	0
chrUn_KI270425v1	1884	0	0
chrUn_KI270429v1	1361	5	0
chrUn_KI270442v1	392061	3029	0
chrUn_KI270466v1	1233	1152	0
chrUn_KI270465v1	1774	32	0
chrUn_KI270467v1	3920	4653	0
chrUn_KI270435v1	92983	448	0
chrUn_KI270438v1	112505	9199	0
chrUn_KI270468v1	4055	22	0
chrUn_KI270510v1	2415	12	0
chrUn_KI270509v1	2318	17	0
chrUn_KI270518v1	2186	12	0
chrUn_KI270508v1	1951	10	0
chrUn_KI270516v1	1300	13	0
chrUn_KI270512v1	22689	135	0
chrUn_KI270519v1	138126	735	0
chrUn_KI270522v1	5674	15	0
chrUn_KI270511v1	8127	46	0
chrUn_KI270515v1	6361	61	0
chrUn_KI270507v1	5353	38	0
chrUn_KI270517v1	3253	28	0
chrUn_KI270529v1	1899	4	0
chrUn_KI270528v1	2983	8	0
chrUn_KI270530v1	2168	9	0
chrUn_KI270539v1	993	3	0
chrUn_KI270538v1	91309	459	0
chrUn_KI270544v1	1202	21	0
chrUn_KI270548v1	1599	1	0
chrUn_KI270583v1	1400	6	0
chrUn_KI270587v1	2969	60	0
chrUn_KI270580v1	1553	8	0
chrUn_KI270581v1	7046	26	0
chrUn_KI270579v1	31033	95	0
chrUn_KI270589v1	44474	185	0
chrUn_KI270590v1	4685	61	0
chrUn_KI270584v1	4513	27	0
chrUn_KI270582v1	6504	23	0
chrUn_KI270588v1	6158	60	0
chrUn_KI270593v1	3041	11	0
chrUn_KI270591v1	5796	74	0
chrUn_KI270330v1	1652	55	0
chrUn_KI270329v1	1040	6	0
chrUn_KI270334v1	1368	12	0
chrUn_KI270333v1	2699	1169	0
chrUn_KI270335v1	1048	6	0
chrUn_KI270338v1	1428	2	0
chrUn_KI270340v1	1428	14	0
chrUn_KI270336v1	1026	522	0
chrUn_KI270337v1	1121	757	0
chrUn_KI270363v1	1803	3	0
chrUn_KI270364v1	2855	10	0
chrUn_KI270362v1	3530	17	0
chrUn_KI270366v1	8320	25	0
chrUn_KI270378v1	1048	2	0
chrUn_KI270379v1	1045	0	0
chrUn_KI270389v1	1298	4	0
chrUn_KI270390v1	2387	6	0
chrUn_KI270387v1	1537	4	0
chrUn_KI270395v1	1143	8	0
chrUn_KI270396v1	1880	11	0
chrUn_KI270388v1	1216	0	0
chrUn_KI270394v1	970	1	0
chrUn_KI270386v1	1788	11	0
chrUn_KI270391v1	1484	7	0
chrUn_KI270383v1	1750	6	0
chrUn_KI270393v1	1308	11	0
chrUn_KI270384v1	1658	4	0
chrUn_KI270392v1	971	3	0
chrUn_KI270381v1	1930	0	0
chrUn_KI270385v1	990	3	0
chrUn_KI270382v1	4215	13	0
chrUn_KI270376v1	1136	4	0
chrUn_KI270374v1	2656	4	0
chrUn_KI270372v1	1650	2	0
chrUn_KI270373v1	1451	4	0
chrUn_KI270375v1	2378	7	0
chrUn_KI270371v1	2805	4	0
chrUn_KI270448v1	7992	48	0
chrUn_KI270521v1	7642	24	0
chrUn_GL000195v1	182896	5165	0
chrUn_GL000219v1	179198	3192	0
chrUn_GL000220v1	161802	5687	0
chrUn_GL000224v1	179693	1582	0
chrUn_KI270741v1	157432	690	0
chrUn_GL000226v1	15008	158	0
chrUn_GL000213v1	164239	387	0
chrUn_KI270743v1	210658	1031	0
chrUn_KI270744v1	168472	1766	0
chrUn_KI270745v1	41891	530	0
chrUn_KI270746v1	66486	518	0
chrUn_KI270747v1	198735	527	0
chrUn_KI270748v1	93321	422	0
chrUn_KI270749v1	158759	584	0
chrUn_KI270750v1	148850	838	0
chrUn_KI270751v1	150742	1017	0
chrUn_KI270752v1	27745	3	0
chrUn_KI270753v1	62944	246	0
chrUn_KI270754v1	40191	176	0
chrUn_KI270755v1	36723	795	0
chrUn_KI270756v1	79590	845	0
chrUn_KI270757v1	71251	438	0
chrUn_GL000214v1	137718	1277	0
chrUn_KI270742v1	186739	1174	0
chrUn_GL000216v2	176608	5567	0
chrUn_GL000218v1	161147	1110	0
chrEBV	171823	0	0
*	0	0	272132
