chr1	248956422	8299605	0
chr2	242193529	6437126	0
chr3	198295559	5570822	0
chr4	190214555	4032474	0
chr5	181538259	4838865	0
chr6	170805979	4871977	0
chr7	159345973	4654423	0
chr8	145138636	3784652	0
chr9	138394717	3613055	0
chr10	133797422	3989883	0
chr11	135086622	4272703	0
chr12	133275309	3995751	0
chr13	114364328	2298496	0
chr14	107043718	2742121	0
chr15	101991189	2573580	0
chr16	90338345	2939506	0
chr17	83257441	3934276	0
chr18	80373285	1702482	0
chr19	58617616	2692200	0
chr20	64444167	2448499	0
chr21	46709983	966924	0
chr22	50818468	1817034	0
chrX	156040895	1977900	0
chrY	57227415	29788	0
chrM	16569	5597	0
chr1_KI270706v1_random	175055	1126	0
chr1_KI270707v1_random	32032	116	0
chr1_KI270708v1_random	127682	411	0
chr1_KI270709v1_random	66860	2530	0
chr1_KI270710v1_random	40176	184	0
chr1_KI270711v1_random	42210	897	0
chr1_KI270712v1_random	176043	1042	0
chr1_KI270713v1_random	40745	6917	0
chr1_KI270714v1_random	41717	663	0
chr2_KI270715v1_random	161471	289	0
chr2_KI270716v1_random	153799	280	0
chr3_GL000221v1_random	155397	1053	0
chr4_GL000008v2_random	209709	1290	0
chr5_GL000208v1_random	92689	373	0
chr9_KI270717v1_random	40062	286	0
chr9_KI270718v1_random	38054	499	0
chr9_KI270719v1_random	176845	1787	0
chr9_KI270720v1_random	39050	266	0
chr11_KI270721v1_random	100316	1222	0
chr14_GL000009v2_random	201709	1204	0
chr14_GL000225v1_random	211173	8288	0
chr14_KI270722v1_random	194050	671	0
chr14_GL000194v1_random	191469	1364	0
chr14_KI270723v1_random	38115	257	0
chr14_KI270724v1_random	39555	276	0
chr14_KI270725v1_random	172810	818	0
chr14_KI270726v1_random	43739	114	0
chr15_KI270727v1_random	448248	1975	0
chr16_KI270728v1_random	1872759	4787	0
chr17_GL000205v2_random	185591	8769	0
chr17_KI270729v1_random	280839	4408	0
chr17_KI270730v1_random	112551	851	0
chr22_KI270731v1_random	150754	1756	0
chr22_KI270732v1_random	41543	318	0
chr22_KI270733v1_random	179772	6742	0
chr22_KI270734v1_random	165050	2313	0
chr22_KI270735v1_random	42811	356	0
chr22_KI270736v1_random	181920	1761	0
chr22_KI270737v1_random	103838	852	0
chr22_KI270738v1_random	99375	439	0
chr22_KI270739v1_random	73985	136	0
chrY_KI270740v1_random	37240	3	0
chrUn_KI270302v1	2274	8	0
chrUn_KI270304v1	2165	63	0
chrUn_KI270303v1	1942	83	0
chrUn_KI270305v1	1472	6	0
chrUn_KI270322v1	21476	41	0
chrUn_KI270320v1	4416	15	0
chrUn_KI270310v1	1201	111	0
chrUn_KI270316v1	1444	10	0
chrUn_KI270315v1	2276	24	0
chrUn_KI270312v1	998	5	0
chrUn_KI270311v1	12399	47	0
chrUn_KI270317v1	37690	43	0
chrUn_KI270412v1	1179	11	0
chrUn_KI270411v1	2646	110	0
chrUn_KI270414v1	2489	6	0
chrUn_KI270419v1	1029	0	0
chrUn_KI270418v1	2145	12	0
chrUn_KI270420v1	2321	5	0
chrUn_KI270424v1	2140	12	0
chrUn_KI270417v1	2043	1	0
chrUn_KI270422v1	1445	18	0
chrUn_KI270423v1	981	0	0
chrUn_KI270425v1	1884	6	0
chrUn_KI270429v1	1361	3	0
chrUn_KI270442v1	392061	3417	0
chrUn_KI270466v1	1233	1142	0
chrUn_KI270465v1	1774	21	0
chrUn_KI270467v1	3920	4756	0
chrUn_KI270435v1	92983	461	0
chrUn_KI270438v1	112505	13378	0
chrUn_KI270468v1	4055	18	0
chrUn_KI270510v1	2415	16	0
chrUn_KI270509v1	2318	23	0
chrUn_KI270518v1	2186	17	0
chrUn_KI270508v1	1951	19	0
chrUn_KI270516v1	1300	6	0
chrUn_KI270512v1	22689	119	0
chrUn_KI270519v1	138126	653	0
chrUn_KI270522v1	5674	16	0
chrUn_KI270511v1	8127	43	0
chrUn_KI270515v1	6361	55	0
chrUn_KI270507v1	5353	42	0
chrUn_KI270517v1	3253	26	0
chrUn_KI270529v1	1899	10	0
chrUn_KI270528v1	2983	5	0
chrUn_KI270530v1	2168	9	0
chrUn_KI270539v1	993	1	0
chrUn_KI270538v1	91309	404	0
chrUn_KI270544v1	1202	11	0
chrUn_KI270548v1	1599	4	0
chrUn_KI270583v1	1400	17	0
chrUn_KI270587v1	2969	8	0
chrUn_KI270580v1	1553	12	0
chrUn_KI270581v1	7046	29	0
chrUn_KI270579v1	31033	96	0
chrUn_KI270589v1	44474	179	0
chrUn_KI270590v1	4685	39	0
chrUn_KI270584v1	4513	31	0
chrUn_KI270582v1	6504	22	0
chrUn_KI270588v1	6158	34	0
chrUn_KI270593v1	3041	7	0
chrUn_KI270591v1	5796	60	0
chrUn_KI270330v1	1652	60	0
chrUn_KI270329v1	1040	4	0
chrUn_KI270334v1	1368	1	0
chrUn_KI270333v1	2699	1352	0
chrUn_KI270335v1	1048	0	0
chrUn_KI270338v1	1428	1	0
chrUn_KI270340v1	1428	3	0
chrUn_KI270336v1	1026	561	0
chrUn_KI270337v1	1121	898	0
chrUn_KI270363v1	1803	5	0
chrUn_KI270364v1	2855	8	0
chrUn_KI270362v1	3530	9	0
chrUn_KI270366v1	8320	30	0
chrUn_KI270378v1	1048	0	0
chrUn_KI270379v1	1045	3	0
chrUn_KI270389v1	1298	1	0
chrUn_KI270390v1	2387	4	0
chrUn_KI270387v1	1537	5	0
chrUn_KI270395v1	1143	8	0
chrUn_KI270396v1	1880	3	0
chrUn_KI270388v1	1216	0	0
chrUn_KI270394v1	970	2	0
chrUn_KI270386v1	1788	8	0
chrUn_KI270391v1	1484	5	0
chrUn_KI270383v1	1750	3	0
chrUn_KI270393v1	1308	6	0
chrUn_KI270384v1	1658	7	0
chrUn_KI270392v1	971	1	0
chrUn_KI270381v1	1930	2	0
chrUn_KI270385v1	990	3	0
chrUn_KI270382v1	4215	10	0
chrUn_KI270376v1	1136	1	0
chrUn_KI270374v1	2656	7	0
chrUn_KI270372v1	1650	3	0
chrUn_KI270373v1	1451	3	0
chrUn_KI270375v1	2378	5	0
chrUn_KI270371v1	2805	3	0
chrUn_KI270448v1	7992	39	0
chrUn_KI270521v1	7642	28	0
chrUn_GL000195v1	182896	7852	0
chrUn_GL000219v1	179198	3228	0
chrUn_GL000220v1	161802	6850	0
chrUn_GL000224v1	179693	1730	0
chrUn_KI270741v1	157432	475	0
chrUn_GL000226v1	15008	133	0
chrUn_GL000213v1	164239	401	0
chrUn_KI270743v1	210658	985	0
chrUn_KI270744v1	168472	2098	0
chrUn_KI270745v1	41891	613	0
chrUn_KI270746v1	66486	561	0
chrUn_KI270747v1	198735	552	0
chrUn_KI270748v1	93321	597	0
chrUn_KI270749v1	158759	714	0
chrUn_KI270750v1	148850	1271	0
chrUn_KI270751v1	150742	1098	0
chrUn_KI270752v1	27745	2	0
chrUn_KI270753v1	62944	416	0
chrUn_KI270754v1	40191	230	0
chrUn_KI270755v1	36723	2778	0
chrUn_KI270756v1	79590	958	0
chrUn_KI270757v1	71251	435	0
chrUn_GL000214v1	137718	1317	0
chrUn_KI270742v1	186739	1343	0
chrUn_GL000216v2	176608	5641	0
chrUn_GL000218v1	161147	1181	0
chrEBV	171823	1	0
*	0	0	499274
