chr1	248956422	7733477	0
chr2	242193529	5873638	0
chr3	198295559	5101636	0
chr4	190214555	3727739	0
chr5	181538259	4475301	0
chr6	170805979	4455674	0
chr7	159345973	4268430	0
chr8	145138636	3455963	0
chr9	138394717	3327289	0
chr10	133797422	3691222	0
chr11	135086622	3943546	0
chr12	133275309	3685554	0
chr13	114364328	2093434	0
chr14	107043718	2508729	0
chr15	101991189	2378403	0
chr16	90338345	2749714	0
chr17	83257441	3638506	0
chr18	80373285	1553289	0
chr19	58617616	2539048	0
chr20	64444167	2266955	0
chr21	46709983	855860	0
chr22	50818468	1660237	0
chrX	156040895	1857851	0
chrY	57227415	28647	0
chrM	16569	4541	0
chr1_KI270706v1_random	175055	949	0
chr1_KI270707v1_random	32032	128	0
chr1_KI270708v1_random	127682	278	0
chr1_KI270709v1_random	66860	2991	0
chr1_KI270710v1_random	40176	147	0
chr1_KI270711v1_random	42210	1364	0
chr1_KI270712v1_random	176043	793	0
chr1_KI270713v1_random	40745	8280	0
chr1_KI270714v1_random	41717	1328	0
chr2_KI270715v1_random	161471	273	0
chr2_KI270716v1_random	153799	260	0
chr3_GL000221v1_random	155397	1029	0
chr4_GL000008v2_random	209709	1238	0
chr5_GL000208v1_random	92689	361	0
chr9_KI270717v1_random	40062	249	0
chr9_KI270718v1_random	38054	501	0
chr9_KI270719v1_random	176845	1779	0
chr9_KI270720v1_random	39050	277	0
chr11_KI270721v1_random	100316	858	0
chr14_GL000009v2_random	201709	1330	0
chr14_GL000225v1_random	211173	7585	0
chr14_KI270722v1_random	194050	644	0
chr14_GL000194v1_random	191469	2060	0
chr14_KI270723v1_random	38115	263	0
chr14_KI270724v1_random	39555	250	0
chr14_KI270725v1_random	172810	967	0
chr14_KI270726v1_random	43739	76	0
chr15_KI270727v1_random	448248	1815	0
chr16_KI270728v1_random	1872759	4775	0
chr17_GL000205v2_random	185591	7527	0
chr17_KI270729v1_random	280839	4165	0
chr17_KI270730v1_random	112551	790	0
chr22_KI270731v1_random	150754	1840	0
chr22_KI270732v1_random	41543	287	0
chr22_KI270733v1_random	179772	6009	0
chr22_KI270734v1_random	165050	2493	0
chr22_KI270735v1_random	42811	415	0
chr22_KI270736v1_random	181920	1758	0
chr22_KI270737v1_random	103838	833	0
chr22_KI270738v1_random	99375	412	0
chr22_KI270739v1_random	73985	131	0
chrY_KI270740v1_random	37240	1	0
chrUn_KI270302v1	2274	5	0
chrUn_KI270304v1	2165	38	0
chrUn_KI270303v1	1942	50	0
chrUn_KI270305v1	1472	3	0
chrUn_KI270322v1	21476	11	0
chrUn_KI270320v1	4416	10	0
chrUn_KI270310v1	1201	46	0
chrUn_KI270316v1	1444	11	0
chrUn_KI270315v1	2276	9	0
chrUn_KI270312v1	998	3	0
chrUn_KI270311v1	12399	30	0
chrUn_KI270317v1	37690	35	0
chrUn_KI270412v1	1179	26	0
chrUn_KI270411v1	2646	206	0
chrUn_KI270414v1	2489	11	0
chrUn_KI270419v1	1029	2	0
chrUn_KI270418v1	2145	30	0
chrUn_KI270420v1	2321	10	0
chrUn_KI270424v1	2140	1	0
chrUn_KI270417v1	2043	8	0
chrUn_KI270422v1	1445	27	0
chrUn_KI270423v1	981	1	0
chrUn_KI270425v1	1884	5	0
chrUn_KI270429v1	1361	14	0
chrUn_KI270442v1	392061	3722	0
chrUn_KI270466v1	1233	1313	0
chrUn_KI270465v1	1774	32	0
chrUn_KI270467v1	3920	5893	0
chrUn_KI270435v1	92983	480	0
chrUn_KI270438v1	112505	12273	0
chrUn_KI270468v1	4055	17	0
chrUn_KI270510v1	2415	25	0
chrUn_KI270509v1	2318	27	0
chrUn_KI270518v1	2186	26	0
chrUn_KI270508v1	1951	14	0
chrUn_KI270516v1	1300	11	0
chrUn_KI270512v1	22689	159	0
chrUn_KI270519v1	138126	674	0
chrUn_KI270522v1	5674	25	0
chrUn_KI270511v1	8127	36	0
chrUn_KI270515v1	6361	74	0
chrUn_KI270507v1	5353	37	0
chrUn_KI270517v1	3253	63	0
chrUn_KI270529v1	1899	6	0
chrUn_KI270528v1	2983	6	0
chrUn_KI270530v1	2168	8	0
chrUn_KI270539v1	993	6	0
chrUn_KI270538v1	91309	387	0
chrUn_KI270544v1	1202	22	0
chrUn_KI270548v1	1599	3	0
chrUn_KI270583v1	1400	23	0
chrUn_KI270587v1	2969	46	0
chrUn_KI270580v1	1553	16	0
chrUn_KI270581v1	7046	28	0
chrUn_KI270579v1	31033	98	0
chrUn_KI270589v1	44474	195	0
chrUn_KI270590v1	4685	83	0
chrUn_KI270584v1	4513	45	0
chrUn_KI270582v1	6504	20	0
chrUn_KI270588v1	6158	51	0
chrUn_KI270593v1	3041	22	0
chrUn_KI270591v1	5796	88	0
chrUn_KI270330v1	1652	60	0
chrUn_KI270329v1	1040	8	0
chrUn_KI270334v1	1368	2	0
chrUn_KI270333v1	2699	1103	0
chrUn_KI270335v1	1048	0	0
chrUn_KI270338v1	1428	0	0
chrUn_KI270340v1	1428	1	0
chrUn_KI270336v1	1026	443	0
chrUn_KI270337v1	1121	719	0
chrUn_KI270363v1	1803	5	0
chrUn_KI270364v1	2855	8	0
chrUn_KI270362v1	3530	10	0
chrUn_KI270366v1	8320	33	0
chrUn_KI270378v1	1048	0	0
chrUn_KI270379v1	1045	5	0
chrUn_KI270389v1	1298	1	0
chrUn_KI270390v1	2387	2	0
chrUn_KI270387v1	1537	5	0
chrUn_KI270395v1	1143	5	0
chrUn_KI270396v1	1880	12	0
chrUn_KI270388v1	1216	2	0
chrUn_KI270394v1	970	1	0
chrUn_KI270386v1	1788	5	0
chrUn_KI270391v1	1484	7	0
chrUn_KI270383v1	1750	10	0
chrUn_KI270393v1	1308	9	0
chrUn_KI270384v1	1658	4	0
chrUn_KI270392v1	971	3	0
chrUn_KI270381v1	1930	2	0
chrUn_KI270385v1	990	2	0
chrUn_KI270382v1	4215	5	0
chrUn_KI270376v1	1136	1	0
chrUn_KI270374v1	2656	6	0
chrUn_KI270372v1	1650	5	0
chrUn_KI270373v1	1451	2	0
chrUn_KI270375v1	2378	8	0
chrUn_KI270371v1	2805	1	0
chrUn_KI270448v1	7992	47	0
chrUn_KI270521v1	7642	40	0
chrUn_GL000195v1	182896	7821	0
chrUn_GL000219v1	179198	1648	0
chrUn_GL000220v1	161802	6338	0
chrUn_GL000224v1	179693	1524	0
chrUn_KI270741v1	157432	360	0
chrUn_GL000226v1	15008	214	0
chrUn_GL000213v1	164239	350	0
chrUn_KI270743v1	210658	956	0
chrUn_KI270744v1	168472	2109	0
chrUn_KI270745v1	41891	407	0
chrUn_KI270746v1	66486	493	0
chrUn_KI270747v1	198735	563	0
chrUn_KI270748v1	93321	602	0
chrUn_KI270749v1	158759	690	0
chrUn_KI270750v1	148850	1354	0
chrUn_KI270751v1	150742	959	0
chrUn_KI270752v1	27745	5	0
chrUn_KI270753v1	62944	434	0
chrUn_KI270754v1	40191	233	0
chrUn_KI270755v1	36723	2724	0
chrUn_KI270756v1	79590	915	0
chrUn_KI270757v1	71251	478	0
chrUn_GL000214v1	137718	1300	0
chrUn_KI270742v1	186739	1211	0
chrUn_GL000216v2	176608	4993	0
chrUn_GL000218v1	161147	1000	0
chrEBV	171823	1	0
*	0	0	296223
